[2023-03-23 09:28:20,860][INFO][server] - server initialize ... 
[2023-03-23 09:28:20,862][INFO][server] - server start 
[2023-03-23 09:29:30,428][INFO][server] - initialize ...
[2023-03-23 09:29:30,428][INFO][server] - start load data from 3 party 
[2023-03-23 09:29:30,429][INFO][server] - load data from party 0, data: <class 'Compiler.types.sfix'> array of length 5 at 8192
[2023-03-23 09:29:30,430][INFO][server] - load data from party 1, data: <class 'Compiler.types.sfix'> array of length 5 at 8202
[2023-03-23 09:29:30,433][INFO][server] - load data from party 2, data: <class 'Compiler.types.sfix'> array of length 5 at 8212
[2023-03-23 09:29:30,435][INFO][server] - Success load data  ... 
[2023-03-23 09:29:30,435][INFO][server] - start 3 party compute
[2023-03-23 09:29:30,435][INFO][server] - start compute svc in 3 party computation
[2023-03-23 09:29:30,556][INFO][server] - begin open value
[2023-03-23 09:29:30,557][INFO][server] - The result of step 0 ai operation svc is : <class 'Compiler.types._fix.reveal.<locals>.revealed_fix'> array of length 2 at 8194
[2023-03-23 09:29:30,557][INFO][server] - open value success
[2023-03-23 09:29:30,557][INFO][server] - finish 3 party compute
[2023-03-23 09:29:30,850][INFO][server] - ./hemi-party.x -N 3 -p 0 -IF Player-Data/Input -OF Player-Data/Public-Output -e --ip-file-name ConfigFiles/IPConfig_3p -pn 6001 dynamic_function
[2023-03-23 09:31:28,398][INFO][server] - server initialize ... 
[2023-03-23 09:31:28,398][INFO][server] - server start 
[2023-03-23 09:32:41,651][INFO][server] - server initialize ... 
[2023-03-23 09:32:41,651][INFO][server] - server start 
[2023-03-23 09:32:53,835][INFO][server] - initialize ...
[2023-03-23 09:32:53,835][INFO][server] - start load data from 3 party 
[2023-03-23 09:32:53,835][INFO][server] - load data from party 0, data: <class 'Compiler.types.sfix'> array of length 5 at 8192
[2023-03-23 09:32:53,836][INFO][server] - load data from party 1, data: <class 'Compiler.types.sfix'> array of length 5 at 8202
[2023-03-23 09:32:53,840][INFO][server] - load data from party 2, data: <class 'Compiler.types.sfix'> array of length 5 at 8212
[2023-03-23 09:32:53,841][INFO][server] - Success load data  ... 
[2023-03-23 09:32:53,841][INFO][server] - start 3 party compute
[2023-03-23 09:32:53,842][INFO][server] - start compute svc in 3 party computation
[2023-03-23 09:34:07,703][INFO][server] - server initialize ... 
[2023-03-23 09:34:07,703][INFO][server] - server start 
[2023-03-23 09:34:11,069][INFO][server] - initialize ...
[2023-03-23 09:34:11,069][INFO][server] - start load data from 3 party 
[2023-03-23 09:34:11,070][INFO][server] - load data from party 0, data: <class 'Compiler.types.sfix'> array of length 5 at 8192
[2023-03-23 09:34:11,071][INFO][server] - load data from party 1, data: <class 'Compiler.types.sfix'> array of length 5 at 8202
[2023-03-23 09:34:11,074][INFO][server] - load data from party 2, data: <class 'Compiler.types.sfix'> array of length 5 at 8212
[2023-03-23 09:34:11,075][INFO][server] - Success load data  ... 
[2023-03-23 09:34:11,075][INFO][server] - start 3 party compute
[2023-03-23 09:34:11,076][INFO][server] - start compute svc in 3 party computation
[2023-03-23 09:35:13,399][INFO][server] - server initialize ... 
[2023-03-23 09:35:13,400][INFO][server] - server start 
[2023-03-23 09:35:17,615][INFO][server] - initialize ...
[2023-03-23 09:35:17,616][INFO][server] - start load data from 3 party 
[2023-03-23 09:35:17,616][INFO][server] - load data from party 0, data: <class 'Compiler.types.sfix'> array of length 5 at 8192
[2023-03-23 09:35:17,617][INFO][server] - load data from party 1, data: <class 'Compiler.types.sfix'> array of length 5 at 8202
[2023-03-23 09:35:17,620][INFO][server] - load data from party 2, data: <class 'Compiler.types.sfix'> array of length 5 at 8212
[2023-03-23 09:35:17,622][INFO][server] - Success load data  ... 
[2023-03-23 09:35:17,622][INFO][server] - start 3 party compute
[2023-03-23 09:35:17,623][INFO][server] - start compute svc in 3 party computation
[2023-03-23 09:37:39,376][INFO][server] - server initialize ... 
[2023-03-23 09:37:39,376][INFO][server] - server start 
[2023-03-23 09:37:57,388][INFO][server] - initialize ...
[2023-03-23 09:37:57,389][INFO][server] - start load data from 3 party 
[2023-03-23 09:37:57,389][INFO][server] - load data from party 0, data: <class 'Compiler.types.sfix'> array of length 5 at 8192
[2023-03-23 09:37:57,390][INFO][server] - load data from party 1, data: <class 'Compiler.types.sfix'> array of length 5 at 8202
[2023-03-23 09:37:57,393][INFO][server] - load data from party 2, data: <class 'Compiler.types.sfix'> array of length 5 at 8212
[2023-03-23 09:37:57,394][INFO][server] - Success load data  ... 
[2023-03-23 09:37:57,395][INFO][server] - start 3 party compute
[2023-03-23 09:37:57,396][INFO][server] - start compute svc in 3 party computation
[2023-03-23 09:37:57,543][INFO][server] - begin open value
[2023-03-23 09:37:57,544][INFO][server] - The result of step 0 ai operation svc is : <class 'Compiler.types._fix.reveal.<locals>.revealed_fix'> array of length 5 at 8197
[2023-03-23 09:37:57,544][INFO][server] - open value success
[2023-03-23 09:37:57,544][INFO][server] - finish 3 party compute
[2023-03-23 09:37:57,885][INFO][server] - ./hemi-party.x -N 3 -p 0 -IF Player-Data/Input -OF Player-Data/Public-Output -e --ip-file-name ConfigFiles/IPConfig_3p -pn 6001 dynamic_function
[2023-03-23 09:38:44,743][INFO][server] - initialize ...
[2023-03-23 09:38:44,743][INFO][server] - start load data from 3 party 
[2023-03-23 09:38:44,745][INFO][server] - load data from party 0, data: <class 'Compiler.types.sfix'> array of length 5 at 8192
[2023-03-23 09:38:44,746][INFO][server] - load data from party 1, data: <class 'Compiler.types.sfix'> array of length 5 at 8202
[2023-03-23 09:38:44,747][INFO][server] - load data from party 2, data: <class 'Compiler.types.sfix'> array of length 5 at 8212
[2023-03-23 09:38:44,749][INFO][server] - Success load data  ... 
[2023-03-23 09:38:44,750][INFO][server] - start 3 party compute
[2023-03-23 09:38:44,751][INFO][server] - start compute svc in 3 party computation
[2023-03-23 09:38:44,909][INFO][server] - begin open value
[2023-03-23 09:38:44,910][INFO][server] - The result of step 0 ai operation svc is : <class 'Compiler.types._fix.reveal.<locals>.revealed_fix'> array of length 5 at 8197
[2023-03-23 09:38:44,910][INFO][server] - open value success
[2023-03-23 09:38:44,910][INFO][server] - finish 3 party compute
[2023-03-23 09:38:45,181][INFO][server] - ./hemi-party.x -N 3 -p 0 -IF Player-Data/Input -OF Player-Data/Public-Output -e --ip-file-name ConfigFiles/IPConfig_3p -pn 6001 dynamic_function
[2023-03-23 11:26:32,606][INFO][server] - server initialize ... 
[2023-03-23 11:26:32,606][INFO][server] - server start 
[2023-03-23 11:26:32,606][ERROR][server] - port must be an integer
[2023-03-23 11:27:10,298][INFO][server] - server initialize ... 
[2023-03-23 11:27:10,298][INFO][server] - server start 
[2023-03-23 11:30:40,213][INFO][server] - server initialize ... 
[2023-03-23 11:30:40,213][INFO][server] - server start 
[2023-03-23 11:52:07,285][INFO][server] - server initialize ... 
[2023-03-23 11:52:07,285][INFO][server] - server start 
[2023-03-23 11:52:26,510][INFO][server] - server initialize ... 
[2023-03-23 11:52:26,510][INFO][server] - server start 
[2023-03-23 11:52:39,187][INFO][server] - server initialize ... 
[2023-03-23 11:52:39,187][INFO][server] - server start 
[2023-03-23 11:52:48,668][INFO][server] - server initialize ... 
[2023-03-23 11:52:48,669][INFO][server] - server start 
[2023-03-23 12:41:26,017][INFO][server] - server initialize ... 
[2023-03-23 12:41:26,017][INFO][server] - server start 
[2023-03-23 12:41:31,687][INFO][server] - server initialize ... 
[2023-03-23 12:41:31,687][INFO][server] - server start 
[2023-03-23 12:41:36,652][INFO][server] - server initialize ... 
[2023-03-23 12:41:36,652][INFO][server] - server start 
[2023-03-23 12:42:16,698][INFO][server] - initialize ...
[2023-03-23 12:42:16,698][INFO][server] - start load data from 3 party 
[2023-03-23 12:42:16,699][INFO][server] - load data from party 0, data: <class 'Compiler.types.sfix'> array of length 5 at 8192
[2023-03-23 12:42:16,700][INFO][server] - load data from party 1, data: <class 'Compiler.types.sfix'> array of length 5 at 8202
[2023-03-23 12:42:16,703][INFO][server] - load data from party 2, data: <class 'Compiler.types.sfix'> array of length 5 at 8212
[2023-03-23 12:42:16,704][INFO][server] - Success load data  ... 
[2023-03-23 12:42:16,705][INFO][server] - start 3 party compute
[2023-03-23 12:42:16,705][INFO][server] - start compute svc in 3 party computation
[2023-03-23 12:42:16,827][INFO][server] - begin open value
[2023-03-23 12:42:16,828][INFO][server] - The result of step 0 ai operation svc is : <class 'Compiler.types._fix.reveal.<locals>.revealed_fix'> array of length 2 at 8194
[2023-03-23 12:42:16,828][INFO][server] - open value success
[2023-03-23 12:42:16,828][INFO][server] - finish 3 party compute
[2023-03-23 12:42:17,081][INFO][server] - ./hemi-party.x -N 3 -p 0 -IF Player-Data/Input -OF Player-Data/Public-Output -e --ip-file-name ConfigFiles/IPConfig_3p -pn 6001 dynamic_function
[2023-03-23 12:42:18,643][INFO][server] - initialize ...
[2023-03-23 12:42:18,644][INFO][server] - start load data from 3 party 
[2023-03-23 12:42:18,645][INFO][server] - load data from party 0, data: <class 'Compiler.types.sfix'> array of length 5 at 8192
[2023-03-23 12:42:18,647][INFO][server] - load data from party 1, data: <class 'Compiler.types.sfix'> array of length 5 at 8202
[2023-03-23 12:42:18,652][INFO][server] - load data from party 2, data: <class 'Compiler.types.sfix'> array of length 5 at 8212
[2023-03-23 12:42:18,652][INFO][server] - Success load data  ... 
[2023-03-23 12:42:18,653][INFO][server] - start 3 party compute
[2023-03-23 12:42:18,654][INFO][server] - start compute svc in 3 party computation
[2023-03-23 12:42:18,774][INFO][server] - begin open value
[2023-03-23 12:42:18,774][INFO][server] - The result of step 0 ai operation svc is : <class 'Compiler.types._fix.reveal.<locals>.revealed_fix'> array of length 2 at 8194
[2023-03-23 12:42:18,775][INFO][server] - open value success
[2023-03-23 12:42:18,775][INFO][server] - finish 3 party compute
[2023-03-23 12:42:19,028][INFO][server] - ./hemi-party.x -N 3 -p 1 -IF Player-Data/Input -OF Player-Data/Public-Output -e --ip-file-name ConfigFiles/IPConfig_3p -pn 6002 dynamic_function
[2023-03-23 12:42:20,632][INFO][server] - initialize ...
[2023-03-23 12:42:20,633][INFO][server] - start load data from 3 party 
[2023-03-23 12:42:20,634][INFO][server] - load data from party 0, data: <class 'Compiler.types.sfix'> array of length 5 at 8192
[2023-03-23 12:42:20,635][INFO][server] - load data from party 1, data: <class 'Compiler.types.sfix'> array of length 5 at 8202
[2023-03-23 12:42:20,638][INFO][server] - load data from party 2, data: <class 'Compiler.types.sfix'> array of length 5 at 8212
[2023-03-23 12:42:20,639][INFO][server] - Success load data  ... 
[2023-03-23 12:42:20,639][INFO][server] - start 3 party compute
[2023-03-23 12:42:20,640][INFO][server] - start compute svc in 3 party computation
[2023-03-23 12:42:20,762][INFO][server] - begin open value
[2023-03-23 12:42:20,763][INFO][server] - The result of step 0 ai operation svc is : <class 'Compiler.types._fix.reveal.<locals>.revealed_fix'> array of length 2 at 8194
[2023-03-23 12:42:20,763][INFO][server] - open value success
[2023-03-23 12:42:20,763][INFO][server] - finish 3 party compute
[2023-03-23 12:42:21,015][INFO][server] - ./hemi-party.x -N 3 -p 2 -IF Player-Data/Input -OF Player-Data/Public-Output -e --ip-file-name ConfigFiles/IPConfig_3p -pn 6003 dynamic_function
[2023-03-23 14:34:43,223][INFO][server] - initialize ...
[2023-03-23 14:34:43,224][INFO][server] - start load data from 3 party 
[2023-03-23 14:34:43,225][INFO][server] - load data from party 0, data: <class 'Compiler.types.sfix'> array of length 5 at 8192
[2023-03-23 14:34:43,229][INFO][server] - load data from party 1, data: <class 'Compiler.types.sfix'> array of length 5 at 8202
[2023-03-23 14:34:43,230][INFO][server] - load data from party 2, data: <class 'Compiler.types.sfix'> array of length 5 at 8212
[2023-03-23 14:34:43,230][INFO][server] - Success load data  ... 
[2023-03-23 14:34:43,230][INFO][server] - start 3 party compute
[2023-03-23 14:34:43,232][INFO][server] - start compute svc in 3 party computation
[2023-03-23 14:34:43,339][INFO][server] - begin open value
[2023-03-23 14:34:43,340][INFO][server] - The result of step 0 ai operation svc is : <class 'Compiler.types._fix.reveal.<locals>.revealed_fix'> array of length 2 at 8194
[2023-03-23 14:34:43,340][INFO][server] - open value success
[2023-03-23 14:34:43,340][INFO][server] - finish 3 party compute
[2023-03-23 14:34:43,599][INFO][server] - ./hemi-party.x -N 3 -p 0 -IF Player-Data/Input -OF Player-Data/Public-Output -e --ip-file-name ConfigFiles/IPConfig_3p -pn 6001 dynamic_function
[2023-03-23 14:34:45,520][INFO][server] - initialize ...
[2023-03-23 14:34:45,521][INFO][server] - start load data from 3 party 
[2023-03-23 14:34:45,522][INFO][server] - load data from party 0, data: <class 'Compiler.types.sfix'> array of length 5 at 8192
[2023-03-23 14:34:45,527][INFO][server] - load data from party 1, data: <class 'Compiler.types.sfix'> array of length 5 at 8202
[2023-03-23 14:34:45,528][INFO][server] - load data from party 2, data: <class 'Compiler.types.sfix'> array of length 5 at 8212
[2023-03-23 14:34:45,528][INFO][server] - Success load data  ... 
[2023-03-23 14:34:45,529][INFO][server] - start 3 party compute
[2023-03-23 14:34:45,530][INFO][server] - start compute svc in 3 party computation
[2023-03-23 14:34:45,657][INFO][server] - begin open value
[2023-03-23 14:34:45,658][INFO][server] - The result of step 0 ai operation svc is : <class 'Compiler.types._fix.reveal.<locals>.revealed_fix'> array of length 2 at 8194
[2023-03-23 14:34:45,658][INFO][server] - open value success
[2023-03-23 14:34:45,658][INFO][server] - finish 3 party compute
[2023-03-23 14:34:45,922][INFO][server] - ./hemi-party.x -N 3 -p 1 -IF Player-Data/Input -OF Player-Data/Public-Output -e --ip-file-name ConfigFiles/IPConfig_3p -pn 6002 dynamic_function
[2023-03-23 14:34:47,548][INFO][server] - initialize ...
[2023-03-23 14:34:47,548][INFO][server] - start load data from 3 party 
[2023-03-23 14:34:47,550][INFO][server] - load data from party 0, data: <class 'Compiler.types.sfix'> array of length 5 at 8192
[2023-03-23 14:34:47,551][INFO][server] - load data from party 1, data: <class 'Compiler.types.sfix'> array of length 5 at 8202
[2023-03-23 14:34:47,552][INFO][server] - load data from party 2, data: <class 'Compiler.types.sfix'> array of length 5 at 8212
[2023-03-23 14:34:47,554][INFO][server] - Success load data  ... 
[2023-03-23 14:34:47,555][INFO][server] - start 3 party compute
[2023-03-23 14:34:47,556][INFO][server] - start compute svc in 3 party computation
[2023-03-23 14:34:47,674][INFO][server] - begin open value
[2023-03-23 14:34:47,674][INFO][server] - The result of step 0 ai operation svc is : <class 'Compiler.types._fix.reveal.<locals>.revealed_fix'> array of length 2 at 8194
[2023-03-23 14:34:47,674][INFO][server] - open value success
[2023-03-23 14:34:47,674][INFO][server] - finish 3 party compute
[2023-03-23 14:34:47,941][INFO][server] - ./hemi-party.x -N 3 -p 2 -IF Player-Data/Input -OF Player-Data/Public-Output -e --ip-file-name ConfigFiles/IPConfig_3p -pn 6003 dynamic_function
[2023-03-23 14:42:49,687][INFO][server] - initialize ...
[2023-03-23 14:42:49,688][INFO][server] - start load data from 3 party 
[2023-03-23 14:42:49,689][INFO][server] - load data from party 0, data: <class 'Compiler.types.sfix'> array of length 1 at 8192
[2023-03-23 14:42:49,690][INFO][server] - load data from party 1, data: <class 'Compiler.types.sfix'> array of length 1 at 8194
[2023-03-23 14:42:49,691][INFO][server] - load data from party 2, data: <class 'Compiler.types.sfix'> array of length 1 at 8196
[2023-03-23 14:42:49,692][INFO][server] - Success load data  ... 
[2023-03-23 14:42:49,694][INFO][server] - start 3 party compute
[2023-03-23 14:42:49,695][INFO][server] - start compute add in 3 party computation
[2023-03-23 14:42:49,697][INFO][server] - begin open value
[2023-03-23 14:42:49,699][INFO][server] - The result of step 0 basic operation add is : <class 'Compiler.types._fix.reveal.<locals>.revealed_fix'> array of length 1 at 8193
[2023-03-23 14:42:49,700][INFO][server] - open value success
[2023-03-23 14:42:49,700][INFO][server] - finish 3 party compute
[2023-03-23 14:42:49,707][INFO][server] - ./hemi-party.x -N 3 -p 0 -IF Player-Data/Input -OF Player-Data/Public-Output -e --ip-file-name ConfigFiles/IPConfig_3p -pn 6001 dynamic_function
[2023-03-23 14:42:51,230][INFO][server] - initialize ...
[2023-03-23 14:42:51,230][INFO][server] - start load data from 3 party 
[2023-03-23 14:42:51,232][INFO][server] - load data from party 0, data: <class 'Compiler.types.sfix'> array of length 1 at 8192
[2023-03-23 14:42:51,234][INFO][server] - load data from party 1, data: <class 'Compiler.types.sfix'> array of length 1 at 8194
[2023-03-23 14:42:51,235][INFO][server] - load data from party 2, data: <class 'Compiler.types.sfix'> array of length 1 at 8196
[2023-03-23 14:42:51,238][INFO][server] - Success load data  ... 
[2023-03-23 14:42:51,239][INFO][server] - start 3 party compute
[2023-03-23 14:42:51,240][INFO][server] - start compute add in 3 party computation
[2023-03-23 14:42:51,242][INFO][server] - begin open value
[2023-03-23 14:42:51,245][INFO][server] - The result of step 0 basic operation add is : <class 'Compiler.types._fix.reveal.<locals>.revealed_fix'> array of length 1 at 8193
[2023-03-23 14:42:51,245][INFO][server] - open value success
[2023-03-23 14:42:51,245][INFO][server] - finish 3 party compute
[2023-03-23 14:42:51,253][INFO][server] - ./hemi-party.x -N 3 -p 1 -IF Player-Data/Input -OF Player-Data/Public-Output -e --ip-file-name ConfigFiles/IPConfig_3p -pn 6002 dynamic_function
[2023-03-23 14:42:52,926][INFO][server] - initialize ...
[2023-03-23 14:42:52,927][INFO][server] - start load data from 3 party 
[2023-03-23 14:42:52,928][INFO][server] - load data from party 0, data: <class 'Compiler.types.sfix'> array of length 1 at 8192
[2023-03-23 14:42:52,929][INFO][server] - load data from party 1, data: <class 'Compiler.types.sfix'> array of length 1 at 8194
[2023-03-23 14:42:52,930][INFO][server] - load data from party 2, data: <class 'Compiler.types.sfix'> array of length 1 at 8196
[2023-03-23 14:42:52,933][INFO][server] - Success load data  ... 
[2023-03-23 14:42:52,933][INFO][server] - start 3 party compute
[2023-03-23 14:42:52,935][INFO][server] - start compute add in 3 party computation
[2023-03-23 14:42:52,937][INFO][server] - begin open value
[2023-03-23 14:42:52,940][INFO][server] - The result of step 0 basic operation add is : <class 'Compiler.types._fix.reveal.<locals>.revealed_fix'> array of length 1 at 8193
[2023-03-23 14:42:52,940][INFO][server] - open value success
[2023-03-23 14:42:52,940][INFO][server] - finish 3 party compute
[2023-03-23 14:42:52,946][INFO][server] - ./hemi-party.x -N 3 -p 2 -IF Player-Data/Input -OF Player-Data/Public-Output -e --ip-file-name ConfigFiles/IPConfig_3p -pn 6003 dynamic_function
[2023-03-23 15:30:05,107][INFO][server] - initialize ...
[2023-03-23 15:30:05,109][INFO][server] - start load data from 3 party 
[2023-03-23 15:30:05,111][INFO][server] - load data from party 0, data: <class 'Compiler.types.sfix'> array of length 50000 at 8192
[2023-03-23 15:30:05,112][INFO][server] - load data from party 1, data: <class 'Compiler.types.sfix'> array of length 50000 at 108192
[2023-03-23 15:30:05,113][INFO][server] - load data from party 2, data: <class 'Compiler.types.sfix'> array of length 50000 at 208192
[2023-03-23 15:30:05,115][INFO][server] - Success load data  ... 
[2023-03-23 15:30:05,115][INFO][server] - start 3 party compute
[2023-03-23 15:30:05,116][INFO][server] - start compute add in 3 party computation
[2023-03-23 15:30:05,117][INFO][server] - begin open value
[2023-03-23 15:30:06,670][INFO][server] - initialize ...
[2023-03-23 15:30:06,671][INFO][server] - start load data from 3 party 
[2023-03-23 15:30:06,671][INFO][server] - load data from party 0, data: <class 'Compiler.types.sfix'> array of length 50000 at 8192
[2023-03-23 15:30:06,671][INFO][server] - load data from party 1, data: <class 'Compiler.types.sfix'> array of length 50000 at 108192
[2023-03-23 15:30:06,672][INFO][server] - load data from party 2, data: <class 'Compiler.types.sfix'> array of length 50000 at 208192
[2023-03-23 15:30:06,672][INFO][server] - Success load data  ... 
[2023-03-23 15:30:06,672][INFO][server] - start 3 party compute
[2023-03-23 15:30:06,672][INFO][server] - start compute add in 3 party computation
[2023-03-23 15:30:06,673][INFO][server] - begin open value
[2023-03-23 15:30:07,941][INFO][server] - initialize ...
[2023-03-23 15:30:07,941][INFO][server] - start load data from 3 party 
[2023-03-23 15:30:07,942][INFO][server] - load data from party 0, data: <class 'Compiler.types.sfix'> array of length 50000 at 8192
[2023-03-23 15:30:07,942][INFO][server] - load data from party 1, data: <class 'Compiler.types.sfix'> array of length 50000 at 108192
[2023-03-23 15:30:07,943][INFO][server] - load data from party 2, data: <class 'Compiler.types.sfix'> array of length 50000 at 208192
[2023-03-23 15:30:07,943][INFO][server] - Success load data  ... 
[2023-03-23 15:30:07,943][INFO][server] - start 3 party compute
[2023-03-23 15:30:07,943][INFO][server] - start compute add in 3 party computation
[2023-03-23 15:30:07,944][INFO][server] - begin open value
[2023-03-23 15:30:11,759][INFO][server] - The result of step 0 basic operation add is : <class 'Compiler.types._fix.reveal.<locals>.revealed_fix'> array of length 50000 at 58192
[2023-03-23 15:30:11,760][INFO][server] - open value success
[2023-03-23 15:30:11,760][INFO][server] - finish 3 party compute
[2023-03-23 15:30:13,692][INFO][server] - The result of step 0 basic operation add is : <class 'Compiler.types._fix.reveal.<locals>.revealed_fix'> array of length 50000 at 58192
[2023-03-23 15:30:13,693][INFO][server] - open value success
[2023-03-23 15:30:13,693][INFO][server] - finish 3 party compute
[2023-03-23 15:30:15,375][INFO][server] - The result of step 0 basic operation add is : <class 'Compiler.types._fix.reveal.<locals>.revealed_fix'> array of length 50000 at 58192
[2023-03-23 15:30:15,376][INFO][server] - open value success
[2023-03-23 15:30:15,376][INFO][server] - finish 3 party compute
[2023-03-23 15:30:23,975][INFO][server] - ./hemi-party.x -N 3 -p 0 -IF Player-Data/Input -OF Player-Data/Public-Output -e --ip-file-name ConfigFiles/IPConfig_3p -pn 6001 dynamic_function
[2023-03-23 15:30:25,846][INFO][server] - ./hemi-party.x -N 3 -p 1 -IF Player-Data/Input -OF Player-Data/Public-Output -e --ip-file-name ConfigFiles/IPConfig_3p -pn 6002 dynamic_function
[2023-03-23 15:30:27,034][INFO][server] - ./hemi-party.x -N 3 -p 2 -IF Player-Data/Input -OF Player-Data/Public-Output -e --ip-file-name ConfigFiles/IPConfig_3p -pn 6003 dynamic_function
[2023-03-23 15:33:49,664][INFO][server] - initialize ...
[2023-03-23 15:33:49,665][INFO][server] - start load data from 3 party 
[2023-03-23 15:33:49,667][INFO][server] - load data from party 0, data: <class 'Compiler.types.sfix'> array of length 1000 at 8192
[2023-03-23 15:33:49,667][INFO][server] - load data from party 1, data: <class 'Compiler.types.sfix'> array of length 1000 at 10192
[2023-03-23 15:33:49,668][INFO][server] - load data from party 2, data: <class 'Compiler.types.sfix'> array of length 1000 at 12192
[2023-03-23 15:33:49,669][INFO][server] - Success load data  ... 
[2023-03-23 15:33:49,672][INFO][server] - start 3 party compute
[2023-03-23 15:33:49,673][INFO][server] - start compute add in 3 party computation
[2023-03-23 15:33:49,674][INFO][server] - begin open value
[2023-03-23 15:33:49,803][INFO][server] - The result of step 0 basic operation add is : <class 'Compiler.types._fix.reveal.<locals>.revealed_fix'> array of length 1000 at 9192
[2023-03-23 15:33:49,803][INFO][server] - open value success
[2023-03-23 15:33:49,803][INFO][server] - finish 3 party compute
[2023-03-23 15:33:50,564][INFO][server] - ./hemi-party.x -N 3 -p 0 -IF Player-Data/Input -OF Player-Data/Public-Output -e --ip-file-name ConfigFiles/IPConfig_3p -pn 6001 dynamic_function
[2023-03-23 15:33:51,107][INFO][server] - initialize ...
[2023-03-23 15:33:51,107][INFO][server] - start load data from 3 party 
[2023-03-23 15:33:51,108][INFO][server] - load data from party 0, data: <class 'Compiler.types.sfix'> array of length 1000 at 8192
[2023-03-23 15:33:51,110][INFO][server] - load data from party 1, data: <class 'Compiler.types.sfix'> array of length 1000 at 10192
[2023-03-23 15:33:51,111][INFO][server] - load data from party 2, data: <class 'Compiler.types.sfix'> array of length 1000 at 12192
[2023-03-23 15:33:51,111][INFO][server] - Success load data  ... 
[2023-03-23 15:33:51,112][INFO][server] - start 3 party compute
[2023-03-23 15:33:51,113][INFO][server] - start compute add in 3 party computation
[2023-03-23 15:33:51,114][INFO][server] - begin open value
[2023-03-23 15:33:51,244][INFO][server] - The result of step 0 basic operation add is : <class 'Compiler.types._fix.reveal.<locals>.revealed_fix'> array of length 1000 at 9192
[2023-03-23 15:33:51,244][INFO][server] - open value success
[2023-03-23 15:33:51,244][INFO][server] - finish 3 party compute
[2023-03-23 15:33:52,007][INFO][server] - ./hemi-party.x -N 3 -p 1 -IF Player-Data/Input -OF Player-Data/Public-Output -e --ip-file-name ConfigFiles/IPConfig_3p -pn 6002 dynamic_function
[2023-03-23 15:33:52,482][INFO][server] - initialize ...
[2023-03-23 15:33:52,483][INFO][server] - start load data from 3 party 
[2023-03-23 15:33:52,485][INFO][server] - load data from party 0, data: <class 'Compiler.types.sfix'> array of length 1000 at 8192
[2023-03-23 15:33:52,486][INFO][server] - load data from party 1, data: <class 'Compiler.types.sfix'> array of length 1000 at 10192
[2023-03-23 15:33:52,487][INFO][server] - load data from party 2, data: <class 'Compiler.types.sfix'> array of length 1000 at 12192
[2023-03-23 15:33:52,491][INFO][server] - Success load data  ... 
[2023-03-23 15:33:52,492][INFO][server] - start 3 party compute
[2023-03-23 15:33:52,493][INFO][server] - start compute add in 3 party computation
[2023-03-23 15:33:52,496][INFO][server] - begin open value
[2023-03-23 15:33:52,629][INFO][server] - The result of step 0 basic operation add is : <class 'Compiler.types._fix.reveal.<locals>.revealed_fix'> array of length 1000 at 9192
[2023-03-23 15:33:52,629][INFO][server] - open value success
[2023-03-23 15:33:52,629][INFO][server] - finish 3 party compute
[2023-03-23 15:33:53,394][INFO][server] - ./hemi-party.x -N 3 -p 2 -IF Player-Data/Input -OF Player-Data/Public-Output -e --ip-file-name ConfigFiles/IPConfig_3p -pn 6003 dynamic_function
[2023-03-23 15:34:52,167][INFO][server] - initialize ...
[2023-03-23 15:34:52,168][INFO][server] - start load data from 3 party 
[2023-03-23 15:34:52,168][INFO][server] - load data from party 0, data: <class 'Compiler.types.sfix'> array of length 1000 at 8192
[2023-03-23 15:34:52,169][INFO][server] - load data from party 1, data: <class 'Compiler.types.sfix'> array of length 1000 at 10192
[2023-03-23 15:34:52,170][INFO][server] - load data from party 2, data: <class 'Compiler.types.sfix'> array of length 1000 at 12192
[2023-03-23 15:34:52,171][INFO][server] - Success load data  ... 
[2023-03-23 15:34:52,174][INFO][server] - start 3 party compute
[2023-03-23 15:34:52,175][INFO][server] - start compute add in 3 party computation
[2023-03-23 15:34:52,177][INFO][server] - begin open value
[2023-03-23 15:34:52,301][INFO][server] - The result of step 0 basic operation add is : <class 'Compiler.types._fix.reveal.<locals>.revealed_fix'> array of length 1000 at 9192
[2023-03-23 15:34:52,301][INFO][server] - open value success
[2023-03-23 15:34:52,301][INFO][server] - finish 3 party compute
[2023-03-23 15:34:52,518][INFO][server] - ./semi2k-party.x -N 3 -p 0 -IF Player-Data/Input -OF Player-Data/Public-Output -e --ip-file-name ConfigFiles/IPConfig_3p -pn 6001 dynamic_function
[2023-03-23 15:34:53,886][INFO][server] - initialize ...
[2023-03-23 15:34:53,886][INFO][server] - start load data from 3 party 
[2023-03-23 15:34:53,888][INFO][server] - load data from party 0, data: <class 'Compiler.types.sfix'> array of length 1000 at 8192
[2023-03-23 15:34:53,893][INFO][server] - load data from party 1, data: <class 'Compiler.types.sfix'> array of length 1000 at 10192
[2023-03-23 15:34:53,895][INFO][server] - load data from party 2, data: <class 'Compiler.types.sfix'> array of length 1000 at 12192
[2023-03-23 15:34:53,895][INFO][server] - Success load data  ... 
[2023-03-23 15:34:53,896][INFO][server] - start 3 party compute
[2023-03-23 15:34:53,897][INFO][server] - start compute add in 3 party computation
[2023-03-23 15:34:53,899][INFO][server] - begin open value
[2023-03-23 15:34:54,031][INFO][server] - The result of step 0 basic operation add is : <class 'Compiler.types._fix.reveal.<locals>.revealed_fix'> array of length 1000 at 9192
[2023-03-23 15:34:54,031][INFO][server] - open value success
[2023-03-23 15:34:54,031][INFO][server] - finish 3 party compute
[2023-03-23 15:34:54,258][INFO][server] - ./semi2k-party.x -N 3 -p 1 -IF Player-Data/Input -OF Player-Data/Public-Output -e --ip-file-name ConfigFiles/IPConfig_3p -pn 6002 dynamic_function
[2023-03-23 15:34:55,046][INFO][server] - initialize ...
[2023-03-23 15:34:55,047][INFO][server] - start load data from 3 party 
[2023-03-23 15:34:55,048][INFO][server] - load data from party 0, data: <class 'Compiler.types.sfix'> array of length 1000 at 8192
[2023-03-23 15:34:55,049][INFO][server] - load data from party 1, data: <class 'Compiler.types.sfix'> array of length 1000 at 10192
[2023-03-23 15:34:55,050][INFO][server] - load data from party 2, data: <class 'Compiler.types.sfix'> array of length 1000 at 12192
[2023-03-23 15:34:55,051][INFO][server] - Success load data  ... 
[2023-03-23 15:34:55,054][INFO][server] - start 3 party compute
[2023-03-23 15:34:55,055][INFO][server] - start compute add in 3 party computation
[2023-03-23 15:34:55,057][INFO][server] - begin open value
[2023-03-23 15:34:55,192][INFO][server] - The result of step 0 basic operation add is : <class 'Compiler.types._fix.reveal.<locals>.revealed_fix'> array of length 1000 at 9192
[2023-03-23 15:34:55,192][INFO][server] - open value success
[2023-03-23 15:34:55,193][INFO][server] - finish 3 party compute
[2023-03-23 15:34:55,416][INFO][server] - ./semi2k-party.x -N 3 -p 2 -IF Player-Data/Input -OF Player-Data/Public-Output -e --ip-file-name ConfigFiles/IPConfig_3p -pn 6003 dynamic_function
[2023-03-23 15:41:14,725][INFO][server] - initialize ...
[2023-03-23 15:41:14,727][INFO][server] - start load data from 3 party 
[2023-03-23 15:41:14,728][INFO][server] - load data from party 0, data: <class 'Compiler.types.sfix'> array of length 1000 at 8192
[2023-03-23 15:41:14,730][INFO][server] - load data from party 1, data: <class 'Compiler.types.sfix'> array of length 1000 at 10192
[2023-03-23 15:41:14,733][INFO][server] - load data from party 2, data: <class 'Compiler.types.sfix'> array of length 1000 at 12192
[2023-03-23 15:41:14,734][INFO][server] - Success load data  ... 
[2023-03-23 15:41:14,734][INFO][server] - start 3 party compute
[2023-03-23 15:41:14,735][INFO][server] - start compute add in 3 party computation
[2023-03-23 15:41:14,736][INFO][server] - begin open value
[2023-03-23 15:41:14,887][INFO][server] - The result of step 0 basic operation add is : <class 'Compiler.types._fix.reveal.<locals>.revealed_fix'> array of length 1000 at 9192
[2023-03-23 15:41:14,887][INFO][server] - open value success
[2023-03-23 15:41:14,888][INFO][server] - finish 3 party compute
[2023-03-23 15:41:15,077][INFO][server] - ./semi2k-party.x -N 3 -p 0 -IF Player-Data/Input -OF Player-Data/Public-Output -e --ip-file-name ConfigFiles/IPConfig_3p -pn 6001 dynamic_function
[2023-03-23 15:41:16,032][INFO][server] - initialize ...
[2023-03-23 15:41:16,034][INFO][server] - start load data from 3 party 
[2023-03-23 15:41:16,035][INFO][server] - load data from party 0, data: <class 'Compiler.types.sfix'> array of length 1000 at 8192
[2023-03-23 15:41:16,036][INFO][server] - load data from party 1, data: <class 'Compiler.types.sfix'> array of length 1000 at 10192
[2023-03-23 15:41:16,037][INFO][server] - load data from party 2, data: <class 'Compiler.types.sfix'> array of length 1000 at 12192
[2023-03-23 15:41:16,038][INFO][server] - Success load data  ... 
[2023-03-23 15:41:16,038][INFO][server] - start 3 party compute
[2023-03-23 15:41:16,039][INFO][server] - start compute add in 3 party computation
[2023-03-23 15:41:16,041][INFO][server] - begin open value
[2023-03-23 15:41:16,181][INFO][server] - The result of step 0 basic operation add is : <class 'Compiler.types._fix.reveal.<locals>.revealed_fix'> array of length 1000 at 9192
[2023-03-23 15:41:16,181][INFO][server] - open value success
[2023-03-23 15:41:16,181][INFO][server] - finish 3 party compute
[2023-03-23 15:41:16,375][INFO][server] - ./semi2k-party.x -N 3 -p 1 -IF Player-Data/Input -OF Player-Data/Public-Output -e --ip-file-name ConfigFiles/IPConfig_3p -pn 6002 dynamic_function
[2023-03-23 15:41:17,006][INFO][server] - initialize ...
[2023-03-23 15:41:17,008][INFO][server] - start load data from 3 party 
[2023-03-23 15:41:17,009][INFO][server] - load data from party 0, data: <class 'Compiler.types.sfix'> array of length 1000 at 8192
[2023-03-23 15:41:17,011][INFO][server] - load data from party 1, data: <class 'Compiler.types.sfix'> array of length 1000 at 10192
[2023-03-23 15:41:17,012][INFO][server] - load data from party 2, data: <class 'Compiler.types.sfix'> array of length 1000 at 12192
[2023-03-23 15:41:17,012][INFO][server] - Success load data  ... 
[2023-03-23 15:41:17,013][INFO][server] - start 3 party compute
[2023-03-23 15:41:17,014][INFO][server] - start compute add in 3 party computation
[2023-03-23 15:41:17,015][INFO][server] - begin open value
[2023-03-23 15:41:17,158][INFO][server] - The result of step 0 basic operation add is : <class 'Compiler.types._fix.reveal.<locals>.revealed_fix'> array of length 1000 at 9192
[2023-03-23 15:41:17,158][INFO][server] - open value success
[2023-03-23 15:41:17,158][INFO][server] - finish 3 party compute
[2023-03-23 15:41:17,353][INFO][server] - ./semi2k-party.x -N 3 -p 2 -IF Player-Data/Input -OF Player-Data/Public-Output -e --ip-file-name ConfigFiles/IPConfig_3p -pn 6003 dynamic_function
[2023-03-23 15:41:51,535][INFO][server] - server initialize ... 
[2023-03-23 15:41:51,535][INFO][server] - server start 
[2023-03-23 15:41:54,014][INFO][server] - server initialize ... 
[2023-03-23 15:41:54,014][INFO][server] - server start 
[2023-03-23 15:41:55,854][INFO][server] - server initialize ... 
[2023-03-23 15:41:55,854][INFO][server] - server start 
[2023-03-23 15:42:01,348][INFO][server] - initialize ...
[2023-03-23 15:42:01,348][INFO][server] - start load data from 3 party 
[2023-03-23 15:42:01,349][INFO][server] - load data from party 0, data: <class 'Compiler.types.sfix'> array of length 1000 at 8192
[2023-03-23 15:42:01,349][INFO][server] - load data from party 1, data: <class 'Compiler.types.sfix'> array of length 1000 at 10192
[2023-03-23 15:42:01,352][INFO][server] - load data from party 2, data: <class 'Compiler.types.sfix'> array of length 1000 at 12192
[2023-03-23 15:42:01,355][INFO][server] - Success load data  ... 
[2023-03-23 15:42:01,355][INFO][server] - start 3 party compute
[2023-03-23 15:42:01,355][INFO][server] - start compute add in 3 party computation
[2023-03-23 15:42:01,357][INFO][server] - begin open value
[2023-03-23 15:42:01,488][INFO][server] - The result of step 0 basic operation add is : <class 'Compiler.types._fix.reveal.<locals>.revealed_fix'> array of length 1000 at 9192
[2023-03-23 15:42:01,488][INFO][server] - open value success
[2023-03-23 15:42:01,488][INFO][server] - finish 3 party compute
[2023-03-23 15:42:01,689][INFO][server] - ./semi2k-party.x -N 3 -p 0 -IF Player-Data/Input -OF Player-Data/Public-Output -e --ip-file-name ConfigFiles/IPConfig_3p -pn 6001 dynamic_function
[2023-03-23 15:42:02,642][INFO][server] - initialize ...
[2023-03-23 15:42:02,643][INFO][server] - start load data from 3 party 
[2023-03-23 15:42:02,644][INFO][server] - load data from party 0, data: <class 'Compiler.types.sfix'> array of length 1000 at 8192
[2023-03-23 15:42:02,645][INFO][server] - load data from party 1, data: <class 'Compiler.types.sfix'> array of length 1000 at 10192
[2023-03-23 15:42:02,647][INFO][server] - load data from party 2, data: <class 'Compiler.types.sfix'> array of length 1000 at 12192
[2023-03-23 15:42:02,649][INFO][server] - Success load data  ... 
[2023-03-23 15:42:02,650][INFO][server] - start 3 party compute
[2023-03-23 15:42:02,650][INFO][server] - start compute add in 3 party computation
[2023-03-23 15:42:02,651][INFO][server] - begin open value
[2023-03-23 15:42:02,779][INFO][server] - The result of step 0 basic operation add is : <class 'Compiler.types._fix.reveal.<locals>.revealed_fix'> array of length 1000 at 9192
[2023-03-23 15:42:02,779][INFO][server] - open value success
[2023-03-23 15:42:02,779][INFO][server] - finish 3 party compute
[2023-03-23 15:42:02,981][INFO][server] - ./semi2k-party.x -N 3 -p 1 -IF Player-Data/Input -OF Player-Data/Public-Output -e --ip-file-name ConfigFiles/IPConfig_3p -pn 6002 dynamic_function
[2023-03-23 15:42:03,782][INFO][server] - initialize ...
[2023-03-23 15:42:03,782][INFO][server] - start load data from 3 party 
[2023-03-23 15:42:03,783][INFO][server] - load data from party 0, data: <class 'Compiler.types.sfix'> array of length 1000 at 8192
[2023-03-23 15:42:03,784][INFO][server] - load data from party 1, data: <class 'Compiler.types.sfix'> array of length 1000 at 10192
[2023-03-23 15:42:03,786][INFO][server] - load data from party 2, data: <class 'Compiler.types.sfix'> array of length 1000 at 12192
[2023-03-23 15:42:03,787][INFO][server] - Success load data  ... 
[2023-03-23 15:42:03,790][INFO][server] - start 3 party compute
[2023-03-23 15:42:03,790][INFO][server] - start compute add in 3 party computation
[2023-03-23 15:42:03,792][INFO][server] - begin open value
[2023-03-23 15:42:03,928][INFO][server] - The result of step 0 basic operation add is : <class 'Compiler.types._fix.reveal.<locals>.revealed_fix'> array of length 1000 at 9192
[2023-03-23 15:42:03,928][INFO][server] - open value success
[2023-03-23 15:42:03,928][INFO][server] - finish 3 party compute
[2023-03-23 15:42:04,156][INFO][server] - ./semi2k-party.x -N 3 -p 2 -IF Player-Data/Input -OF Player-Data/Public-Output -e --ip-file-name ConfigFiles/IPConfig_3p -pn 6003 dynamic_function
[2023-03-23 15:46:31,296][INFO][server] - server initialize ... 
[2023-03-23 15:46:31,296][INFO][server] - server start 
[2023-03-23 15:46:33,155][INFO][server] - server initialize ... 
[2023-03-23 15:46:33,156][INFO][server] - server start 
[2023-03-23 15:46:34,840][INFO][server] - server initialize ... 
[2023-03-23 15:46:34,840][INFO][server] - server start 
[2023-03-23 15:46:41,248][INFO][server] - initialize ...
[2023-03-23 15:46:41,248][INFO][server] - start load data from 3 party 
[2023-03-23 15:46:41,249][INFO][server] - load data from party 0, data: <class 'Compiler.types.sfix'> array of length 1000 at 8192
[2023-03-23 15:46:41,252][INFO][server] - load data from party 1, data: <class 'Compiler.types.sfix'> array of length 1000 at 10192
[2023-03-23 15:46:41,254][INFO][server] - load data from party 2, data: <class 'Compiler.types.sfix'> array of length 1000 at 12192
[2023-03-23 15:46:41,256][INFO][server] - Success load data  ... 
[2023-03-23 15:46:41,257][INFO][server] - start 3 party compute
[2023-03-23 15:46:41,257][INFO][server] - start compute add in 3 party computation
[2023-03-23 15:46:41,259][INFO][server] - begin open value
[2023-03-23 15:46:41,387][INFO][server] - The result of step 0 basic operation add is : <class 'Compiler.types._fix.reveal.<locals>.revealed_fix'> array of length 1000 at 9192
[2023-03-23 15:46:41,387][INFO][server] - open value success
[2023-03-23 15:46:41,388][INFO][server] - finish 3 party compute
[2023-03-23 15:46:41,590][INFO][server] - ./semi2k-party.x -N 3 -p 0 -IF Player-Data/Input -OF Player-Data/Public-Output -e --ip-file-name ConfigFiles/IPConfig_3p -pn 6001 dynamic_function
[2023-03-23 15:46:42,693][INFO][server] - initialize ...
[2023-03-23 15:46:42,693][INFO][server] - start load data from 3 party 
[2023-03-23 15:46:42,693][INFO][server] - load data from party 0, data: <class 'Compiler.types.sfix'> array of length 1000 at 8192
[2023-03-23 15:46:42,694][INFO][server] - load data from party 1, data: <class 'Compiler.types.sfix'> array of length 1000 at 10192
[2023-03-23 15:46:42,695][INFO][server] - load data from party 2, data: <class 'Compiler.types.sfix'> array of length 1000 at 12192
[2023-03-23 15:46:42,695][INFO][server] - Success load data  ... 
[2023-03-23 15:46:42,695][INFO][server] - start 3 party compute
[2023-03-23 15:46:42,696][INFO][server] - start compute add in 3 party computation
[2023-03-23 15:46:42,696][INFO][server] - begin open value
[2023-03-23 15:46:42,812][INFO][server] - The result of step 0 basic operation add is : <class 'Compiler.types._fix.reveal.<locals>.revealed_fix'> array of length 1000 at 9192
[2023-03-23 15:46:42,812][INFO][server] - open value success
[2023-03-23 15:46:42,813][INFO][server] - finish 3 party compute
[2023-03-23 15:46:43,020][INFO][server] - ./semi2k-party.x -N 3 -p 1 -IF Player-Data/Input -OF Player-Data/Public-Output -e --ip-file-name ConfigFiles/IPConfig_3p -pn 6002 dynamic_function
[2023-03-23 15:46:44,109][INFO][server] - initialize ...
[2023-03-23 15:46:44,109][INFO][server] - start load data from 3 party 
[2023-03-23 15:46:44,110][INFO][server] - load data from party 0, data: <class 'Compiler.types.sfix'> array of length 1000 at 8192
[2023-03-23 15:46:44,111][INFO][server] - load data from party 1, data: <class 'Compiler.types.sfix'> array of length 1000 at 10192
[2023-03-23 15:46:44,114][INFO][server] - load data from party 2, data: <class 'Compiler.types.sfix'> array of length 1000 at 12192
[2023-03-23 15:46:44,115][INFO][server] - Success load data  ... 
[2023-03-23 15:46:44,115][INFO][server] - start 3 party compute
[2023-03-23 15:46:44,116][INFO][server] - start compute add in 3 party computation
[2023-03-23 15:46:44,117][INFO][server] - begin open value
[2023-03-23 15:46:44,245][INFO][server] - The result of step 0 basic operation add is : <class 'Compiler.types._fix.reveal.<locals>.revealed_fix'> array of length 1000 at 9192
[2023-03-23 15:46:44,245][INFO][server] - open value success
[2023-03-23 15:46:44,245][INFO][server] - finish 3 party compute
[2023-03-23 15:46:44,482][INFO][server] - ./semi2k-party.x -N 3 -p 2 -IF Player-Data/Input -OF Player-Data/Public-Output -e --ip-file-name ConfigFiles/IPConfig_3p -pn 6003 dynamic_function
[2023-03-23 15:54:15,710][INFO][server] - initialize ...
[2023-03-23 15:54:15,710][INFO][server] - start load data from 3 party 
[2023-03-23 15:54:15,712][INFO][server] - load data from party 0, data: <class 'Compiler.types.sfix'> array of length 1000 at 8192
[2023-03-23 15:54:15,713][INFO][server] - load data from party 1, data: <class 'Compiler.types.sfix'> array of length 1000 at 10192
[2023-03-23 15:54:15,714][INFO][server] - load data from party 2, data: <class 'Compiler.types.sfix'> array of length 1000 at 12192
[2023-03-23 15:54:15,714][INFO][server] - Success load data  ... 
[2023-03-23 15:54:15,715][INFO][server] - start 3 party compute
[2023-03-23 15:54:15,715][INFO][server] - start compute add in 3 party computation
[2023-03-23 15:54:15,717][INFO][server] - begin open value
[2023-03-23 15:54:15,835][INFO][server] - The result of step 0 basic operation add is : <class 'Compiler.types._fix.reveal.<locals>.revealed_fix'> array of length 1000 at 9192
[2023-03-23 15:54:15,835][INFO][server] - open value success
[2023-03-23 15:54:15,835][INFO][server] - finish 3 party compute
[2023-03-23 15:54:16,046][INFO][server] - ./semi2k-party.x -N 3 -p 0 -IF Player-Data/Input -OF Player-Data/Public-Output -e --ip-file-name ConfigFiles/IPConfig_3p -pn 6001 dynamic_function
[2023-03-23 15:54:17,301][INFO][server] - initialize ...
[2023-03-23 15:54:17,302][INFO][server] - start load data from 3 party 
[2023-03-23 15:54:17,303][INFO][server] - load data from party 0, data: <class 'Compiler.types.sfix'> array of length 1000 at 8192
[2023-03-23 15:54:17,304][INFO][server] - load data from party 1, data: <class 'Compiler.types.sfix'> array of length 1000 at 10192
[2023-03-23 15:54:17,305][INFO][server] - load data from party 2, data: <class 'Compiler.types.sfix'> array of length 1000 at 12192
[2023-03-23 15:54:17,305][INFO][server] - Success load data  ... 
[2023-03-23 15:54:17,306][INFO][server] - start 3 party compute
[2023-03-23 15:54:17,307][INFO][server] - start compute add in 3 party computation
[2023-03-23 15:54:17,308][INFO][server] - begin open value
[2023-03-23 15:54:17,429][INFO][server] - The result of step 0 basic operation add is : <class 'Compiler.types._fix.reveal.<locals>.revealed_fix'> array of length 1000 at 9192
[2023-03-23 15:54:17,429][INFO][server] - open value success
[2023-03-23 15:54:17,429][INFO][server] - finish 3 party compute
[2023-03-23 15:54:17,638][INFO][server] - ./semi2k-party.x -N 3 -p 1 -IF Player-Data/Input -OF Player-Data/Public-Output -e --ip-file-name ConfigFiles/IPConfig_3p -pn 6002 dynamic_function
[2023-03-23 15:54:18,462][INFO][server] - initialize ...
[2023-03-23 15:54:18,462][INFO][server] - start load data from 3 party 
[2023-03-23 15:54:18,463][INFO][server] - load data from party 0, data: <class 'Compiler.types.sfix'> array of length 1000 at 8192
[2023-03-23 15:54:18,464][INFO][server] - load data from party 1, data: <class 'Compiler.types.sfix'> array of length 1000 at 10192
[2023-03-23 15:54:18,465][INFO][server] - load data from party 2, data: <class 'Compiler.types.sfix'> array of length 1000 at 12192
[2023-03-23 15:54:18,466][INFO][server] - Success load data  ... 
[2023-03-23 15:54:18,466][INFO][server] - start 3 party compute
[2023-03-23 15:54:18,467][INFO][server] - start compute add in 3 party computation
[2023-03-23 15:54:18,468][INFO][server] - begin open value
[2023-03-23 15:54:18,593][INFO][server] - The result of step 0 basic operation add is : <class 'Compiler.types._fix.reveal.<locals>.revealed_fix'> array of length 1000 at 9192
[2023-03-23 15:54:18,593][INFO][server] - open value success
[2023-03-23 15:54:18,593][INFO][server] - finish 3 party compute
[2023-03-23 15:54:18,813][INFO][server] - ./semi2k-party.x -N 3 -p 2 -IF Player-Data/Input -OF Player-Data/Public-Output -e --ip-file-name ConfigFiles/IPConfig_3p -pn 6003 dynamic_function
[2023-03-23 16:02:06,754][INFO][server] - initialize ...
[2023-03-23 16:02:06,755][INFO][server] - start load data from 3 party 
[2023-03-23 16:02:06,756][INFO][server] - load data from party 0, data: <class 'Compiler.types.sfix'> array of length 1000 at 8192
[2023-03-23 16:02:06,756][INFO][server] - load data from party 1, data: <class 'Compiler.types.sfix'> array of length 1000 at 10192
[2023-03-23 16:02:06,757][INFO][server] - load data from party 2, data: <class 'Compiler.types.sfix'> array of length 1000 at 12192
[2023-03-23 16:02:06,758][INFO][server] - Success load data  ... 
[2023-03-23 16:02:06,758][INFO][server] - start 3 party compute
[2023-03-23 16:02:06,759][INFO][server] - start compute add in 3 party computation
[2023-03-23 16:02:06,761][INFO][server] - begin open value
[2023-03-23 16:02:06,893][INFO][server] - The result of step 0 basic operation add is : <class 'Compiler.types._fix.reveal.<locals>.revealed_fix'> array of length 1000 at 9192
[2023-03-23 16:02:06,893][INFO][server] - open value success
[2023-03-23 16:02:06,893][INFO][server] - finish 3 party compute
[2023-03-23 16:02:07,083][INFO][server] - ./semi2k-party.x -N 3 -p 0 -IF Player-Data/Input -OF Player-Data/Public-Output -e --ip-file-name ConfigFiles/IPConfig_3p -pn 6001 dynamic_function
[2023-03-23 16:02:08,321][INFO][server] - initialize ...
[2023-03-23 16:02:08,322][INFO][server] - start load data from 3 party 
[2023-03-23 16:02:08,324][INFO][server] - load data from party 0, data: <class 'Compiler.types.sfix'> array of length 1000 at 8192
[2023-03-23 16:02:08,325][INFO][server] - load data from party 1, data: <class 'Compiler.types.sfix'> array of length 1000 at 10192
[2023-03-23 16:02:08,327][INFO][server] - load data from party 2, data: <class 'Compiler.types.sfix'> array of length 1000 at 12192
[2023-03-23 16:02:08,328][INFO][server] - Success load data  ... 
[2023-03-23 16:02:08,328][INFO][server] - start 3 party compute
[2023-03-23 16:02:08,329][INFO][server] - start compute add in 3 party computation
[2023-03-23 16:02:08,330][INFO][server] - begin open value
[2023-03-23 16:02:08,477][INFO][server] - The result of step 0 basic operation add is : <class 'Compiler.types._fix.reveal.<locals>.revealed_fix'> array of length 1000 at 9192
[2023-03-23 16:02:08,477][INFO][server] - open value success
[2023-03-23 16:02:08,477][INFO][server] - finish 3 party compute
[2023-03-23 16:02:08,668][INFO][server] - ./semi2k-party.x -N 3 -p 1 -IF Player-Data/Input -OF Player-Data/Public-Output -e --ip-file-name ConfigFiles/IPConfig_3p -pn 6002 dynamic_function
[2023-03-23 16:02:09,506][INFO][server] - initialize ...
[2023-03-23 16:02:09,507][INFO][server] - start load data from 3 party 
[2023-03-23 16:02:09,508][INFO][server] - load data from party 0, data: <class 'Compiler.types.sfix'> array of length 1000 at 8192
[2023-03-23 16:02:09,509][INFO][server] - load data from party 1, data: <class 'Compiler.types.sfix'> array of length 1000 at 10192
[2023-03-23 16:02:09,510][INFO][server] - load data from party 2, data: <class 'Compiler.types.sfix'> array of length 1000 at 12192
[2023-03-23 16:02:09,511][INFO][server] - Success load data  ... 
[2023-03-23 16:02:09,511][INFO][server] - start 3 party compute
[2023-03-23 16:02:09,512][INFO][server] - start compute add in 3 party computation
[2023-03-23 16:02:09,513][INFO][server] - begin open value
[2023-03-23 16:02:09,655][INFO][server] - The result of step 0 basic operation add is : <class 'Compiler.types._fix.reveal.<locals>.revealed_fix'> array of length 1000 at 9192
[2023-03-23 16:02:09,655][INFO][server] - open value success
[2023-03-23 16:02:09,656][INFO][server] - finish 3 party compute
[2023-03-23 16:02:09,853][INFO][server] - ./semi2k-party.x -N 3 -p 2 -IF Player-Data/Input -OF Player-Data/Public-Output -e --ip-file-name ConfigFiles/IPConfig_3p -pn 6003 dynamic_function
